\BOOKMARK [0][-]{dummy.2}{\376\377\000L\000i\000s\000t\000\040\000o\000f\000\040\000F\000i\000g\000u\000r\000e\000s}{}% 1
\BOOKMARK [0][-]{dummy.4}{\376\377\000L\000i\000s\000t\000\040\000o\000f\000\040\000T\000a\000b\000l\000e\000s}{}% 2
\BOOKMARK [0][-]{chapter.6}{\376\377\0001\000\040\000I\000n\000t\000r\000o\000d\000u\000c\000t\000i\000o\000n}{}% 3
\BOOKMARK [1][-]{section.7}{\376\377\0001\000.\0001\000\040\000S\000p\000e\000e\000c\000h\000\040\000R\000e\000c\000o\000g\000n\000i\000t\000i\000o\000n}{chapter.6}% 4
\BOOKMARK [1][-]{section.8}{\376\377\0001\000.\0002\000\040\000L\000a\000n\000g\000u\000a\000g\000e\000\040\000i\000d\000e\000n\000t\000i\000f\000i\000c\000a\000t\000i\000o\000n\000,\000\040\000L\000a\000n\000g\000u\000a\000g\000e\000\040\000v\000e\000r\000i\000f\000i\000c\000a\000t\000i\000o\000n\000\040\000a\000n\000d\000\040\000L\000a\000n\000g\000u\000a\000g\000e\000\040\000d\000i\000a\000r\000i\000z\000a\000t\000i\000o\000n}{chapter.6}% 5
\BOOKMARK [2][-]{subsection.9}{\376\377\0001\000.\0002\000.\0001\000\040\000L\000a\000n\000g\000u\000a\000g\000e\000\040\000i\000d\000e\000n\000t\000i\000f\000i\000c\000a\000t\000i\000o\000n\000\040\000a\000n\000d\000\040\000v\000e\000r\000i\000f\000i\000c\000a\000t\000i\000o\000n}{section.8}% 6
\BOOKMARK [2][-]{subsection.11}{\376\377\0001\000.\0002\000.\0002\000\040\000L\000a\000n\000g\000u\000a\000g\000e\000\040\000d\000i\000a\000r\000i\000z\000a\000t\000i\000o\000n}{section.8}% 7
\BOOKMARK [1][-]{section.13}{\376\377\0001\000.\0003\000\040\000M\000a\000j\000o\000r\000\040\000m\000i\000l\000e\000s\000t\000o\000n\000e\000s\000\040\000f\000o\000r\000\040\000l\000a\000n\000g\000u\000a\000g\000e\000\040\000r\000e\000c\000o\000g\000n\000i\000t\000i\000o\000n}{chapter.6}% 8
\BOOKMARK [1][-]{section.16}{\376\377\0001\000.\0004\000\040\000D\000a\000t\000a\000b\000a\000s\000e\000s\000\040\000f\000o\000r\000\040\000s\000p\000o\000k\000e\000n\000\040\000l\000a\000n\000g\000u\000a\000g\000e\000\040\000r\000e\000c\000o\000g\000n\000i\000t\000i\000o\000n}{chapter.6}% 9
\BOOKMARK [2][-]{subsection.17}{\376\377\0001\000.\0004\000.\0001\000\040\000O\000r\000e\000g\000o\000n\000\040\000g\000r\000a\000d\000u\000a\000t\000e\000\040\000i\000n\000s\000t\000i\000t\000u\000t\000e\000\040\000t\000e\000l\000e\000p\000h\000o\000n\000e\000\040\000s\000p\000e\000e\000c\000h\000\040\000c\000o\000r\000p\000u\000s\000\040\000\050\000O\000G\000I\000-\000T\000S\000\051}{section.16}% 10
\BOOKMARK [3][-]{subsubsection.18}{\376\377\0001\000.\0004\000.\0001\000.\0001\000\040\000O\000G\000I\000-\000T\000S\000\040\0002\0002\000\040\000l\000a\000n\000g\000u\000a\000g\000e\000\040\000c\000o\000r\000p\000u\000s}{subsection.17}% 11
\BOOKMARK [2][-]{subsection.19}{\376\377\0001\000.\0004\000.\0002\000\040\000L\000D\000C\000\040\000c\000a\000l\000l\000f\000r\000i\000e\000n\000d\000\040\000t\000e\000l\000e\000p\000h\000o\000n\000e\000\040\000s\000p\000e\000e\000c\000h\000\040\000c\000o\000r\000p\000u\000s}{section.16}% 12
\BOOKMARK [2][-]{subsection.20}{\376\377\0001\000.\0004\000.\0003\000\040\000N\000I\000S\000T\000\040\000L\000a\000n\000g\000u\000a\000g\000e\000\040\000r\000e\000c\000o\000g\000n\000i\000t\000i\000o\000n\000\040\000c\000o\000r\000p\000u\000s\000\040\000\050\000N\000I\000S\000T\000\040\000L\000R\000E\000\051}{section.16}% 13
\BOOKMARK [1][-]{section.24}{\376\377\0001\000.\0005\000\040\000P\000e\000r\000f\000o\000r\000m\000a\000n\000c\000e\000\040\000m\000e\000a\000s\000u\000r\000e\000\040\000f\000o\000r\000\040\000l\000a\000n\000g\000u\000a\000g\000e\000\040\000r\000e\000c\000o\000g\000n\000i\000t\000i\000o\000n}{chapter.6}% 14
\BOOKMARK [2][-]{subsection.25}{\376\377\0001\000.\0005\000.\0001\000\040\000A\000v\000e\000r\000a\000g\000e\000\040\000d\000e\000t\000e\000c\000t\000i\000o\000n\000\040\000c\000o\000s\000t\000\050\000C\000a\000v\000g\000\051}{section.24}% 15
\BOOKMARK [1][-]{section.26}{\376\377\0001\000.\0006\000\040\000S\000u\000m\000m\000e\000r\000y\000\040\000a\000n\000d\000\040\000D\000i\000s\000c\000u\000s\000s\000i\000o\000n}{chapter.6}% 16
\BOOKMARK [0][-]{chapter.27}{\376\377\0002\000\040\000A\000c\000o\000u\000s\000t\000i\000c\000\040\000f\000e\000a\000t\000u\000r\000e\000\040\000e\000x\000t\000r\000a\000c\000t\000i\000o\000n\000\040\000a\000n\000d\000\040\000c\000l\000a\000s\000s\000i\000f\000i\000c\000a\000t\000i\000o\000n\000\040\000t\000e\000c\000h\000n\000i\000q\000u\000e\000s\000\040\000u\000s\000e\000d\000\040\000f\000o\000r\000\040\000S\000p\000o\000k\000e\000n\000\040\000l\000a\000n\000g\000u\000a\000g\000e\000\040\000r\000e\000c\000o\000g\000n\000i\000t\000i\000o\000n}{}% 17
\BOOKMARK [1][-]{section.28}{\376\377\0002\000.\0001\000\040\000M\000e\000l\000\040\000f\000r\000e\000q\000u\000e\000n\000c\000y\000\040\000c\000e\000p\000s\000t\000r\000a\000l\000\040\000c\000o\000e\000f\000f\000i\000c\000i\000e\000n\000t\000s\000\040\000\050\000M\000F\000C\000C\000\051}{chapter.27}% 18
\BOOKMARK [2][-]{subsection.30}{\376\377\0002\000.\0001\000.\0001\000\040\000P\000r\000e\000-\000e\000m\000p\000h\000a\000s\000i\000s}{section.28}% 19
\BOOKMARK [2][-]{subsection.33}{\376\377\0002\000.\0001\000.\0002\000\040\000F\000r\000a\000m\000e\000\040\000b\000l\000o\000c\000k\000i\000n\000g}{section.28}% 20
\BOOKMARK [2][-]{subsection.34}{\376\377\0002\000.\0001\000.\0003\000\040\000W\000i\000n\000d\000o\000w\000i\000n\000g}{section.28}% 21
\BOOKMARK [2][-]{subsection.37}{\376\377\0002\000.\0001\000.\0004\000\040\000D\000F\000T}{section.28}% 22
\BOOKMARK [2][-]{subsection.39}{\376\377\0002\000.\0001\000.\0005\000\040\000P\000o\000w\000e\000r\000\040\000s\000p\000e\000c\000t\000r\000u\000m}{section.28}% 23
\BOOKMARK [2][-]{subsection.40}{\376\377\0002\000.\0001\000.\0006\000\040\000M\000e\000l\000\040\000f\000i\000l\000t\000e\000r\000\040\000w\000a\000r\000p\000i\000n\000g}{section.28}% 24
\BOOKMARK [2][-]{subsection.46}{\376\377\0002\000.\0001\000.\0007\000\040\000l\000o\000g\000\050\000.\000\051}{section.28}% 25
\BOOKMARK [2][-]{subsection.47}{\376\377\0002\000.\0001\000.\0008\000\040\000I\000n\000v\000e\000r\000s\000e\000\040\000D\000C\000T}{section.28}% 26
\BOOKMARK [1][-]{section.49}{\376\377\0002\000.\0002\000\040\000D\000e\000l\000t\000a\000\040\000a\000n\000d\000\040\000D\000e\000l\000t\000a\000-\000D\000e\000l\000t\000a\000\040\000c\000e\000p\000s\000t\000r\000a\000\040\000\050\000\040\000a\000n\000d\000\040\000-\000\051}{chapter.27}% 27
\BOOKMARK [1][-]{section.53}{\376\377\0002\000.\0003\000\040\000S\000h\000i\000f\000t\000e\000d\000\040\000d\000e\000l\000t\000a\000\040\000c\000o\000e\000f\000f\000i\000c\000i\000e\000n\000t\000s\000\040\000\050\000S\000D\000C\000\051}{chapter.27}% 28
\BOOKMARK [1][-]{section.57}{\376\377\0002\000.\0004\000\040\000G\000a\000u\000s\000s\000i\000a\000n\000\040\000M\000i\000x\000t\000u\000r\000e\000\040\000M\000o\000d\000e\000l}{chapter.27}% 29
\BOOKMARK [2][-]{subsection.62}{\376\377\0002\000.\0004\000.\0001\000\040\000T\000r\000a\000i\000n\000i\000n\000g\000\040\000o\000f\000\040\000G\000M\000M\000s}{section.57}% 30
\BOOKMARK [3][-]{subsubsection.65}{\376\377\0002\000.\0004\000.\0001\000.\0001\000\040\000E\000x\000p\000e\000c\000t\000a\000t\000i\000o\000n\000\040\000M\000a\000x\000i\000m\000i\000z\000a\000t\000i\000o\000n\000\040\000A\000l\000g\000o\000r\000i\000t\000h\000m}{subsection.62}% 31
\BOOKMARK [3][-]{subsubsection.75}{\376\377\0002\000.\0004\000.\0001\000.\0002\000\040\000M\000a\000x\000i\000m\000u\000m\000\040\000a\000\040\000p\000o\000s\000t\000e\000r\000i\000o\000r\000i\000\040\000\050\000M\000A\000P\000\051\000\040\000P\000a\000r\000a\000m\000e\000t\000e\000r\000\040\000e\000s\000t\000i\000m\000a\000t\000i\000o\000n}{subsection.62}% 32
\BOOKMARK [2][-]{subsection.82}{\376\377\0002\000.\0004\000.\0002\000\040\000T\000e\000s\000t\000i\000n\000g\000\040\000o\000f\000\040\000G\000M\000M\000s}{section.57}% 33
\BOOKMARK [1][-]{section.86}{\376\377\0002\000.\0005\000\040\000G\000a\000u\000s\000s\000i\000a\000n\000\040\000M\000i\000x\000t\000u\000r\000e\000\040\000M\000o\000d\000e\000l\000\040\000a\000n\000d\000\040\000U\000n\000i\000v\000e\000r\000s\000a\000l\000\040\000B\000a\000c\000k\000g\000r\000o\000u\000n\000d\000\040\000M\000o\000d\000e\000l\000\040\000\050\000G\000M\000M\000-\000U\000B\000M\000\051}{chapter.27}% 34
\BOOKMARK [1][-]{section.89}{\376\377\0002\000.\0006\000\040\000I\000-\000v\000e\000c\000t\000o\000r\000\040\000b\000a\000s\000e\000d\000\040\000l\000a\000n\000g\000u\000a\000g\000e\000\040\000i\000d\000e\000n\000t\000i\000f\000i\000c\000a\000t\000i\000o\000n\000\040\000s\000y\000s\000t\000e\000m}{chapter.27}% 35
\BOOKMARK [2][-]{subsection.96}{\376\377\0002\000.\0006\000.\0001\000\040\000T\000\040\000M\000a\000t\000r\000i\000x\000\040\000t\000r\000a\000i\000n\000i\000n\000g}{section.89}% 36
\BOOKMARK [2][-]{subsection.106}{\376\377\0002\000.\0006\000.\0002\000\040\000I\000-\000v\000e\000c\000t\000o\000r\000\040\000e\000s\000t\000i\000m\000a\000t\000i\000o\000n}{section.89}% 37
\BOOKMARK [2][-]{subsection.108}{\376\377\0002\000.\0006\000.\0003\000\040\000C\000o\000s\000i\000n\000e\000\040\000k\000e\000r\000n\000e\000l\000\040\000s\000c\000o\000r\000i\000n\000g}{section.89}% 38
\BOOKMARK [2][-]{subsection.110}{\376\377\0002\000.\0006\000.\0004\000\040\000I\000n\000t\000e\000r\000s\000e\000s\000s\000i\000o\000n\000\040\000c\000o\000m\000p\000e\000n\000s\000a\000t\000i\000o\000n\000\040\000t\000e\000c\000h\000n\000i\000q\000u\000e\000s}{section.89}% 39
\BOOKMARK [3][-]{subsubsection.111}{\376\377\0002\000.\0006\000.\0004\000.\0001\000\040\000L\000i\000n\000e\000a\000r\000\040\000d\000i\000s\000c\000r\000i\000m\000i\000n\000a\000n\000t\000\040\000a\000n\000a\000l\000y\000s\000i\000s\000\040\000\050\000L\000D\000A\000\051}{subsection.110}% 40
\BOOKMARK [3][-]{subsubsection.116}{\376\377\0002\000.\0006\000.\0004\000.\0002\000\040\000W\000i\000t\000h\000i\000n\000\040\000c\000l\000a\000s\000s\000\040\000c\000o\000v\000a\000r\000i\000a\000n\000c\000e\000\040\000n\000o\000r\000m\000a\000l\000i\000z\000a\000t\000i\000o\000n\000\040\000\050\000W\000C\000C\000N\000\051}{subsection.110}% 41
\BOOKMARK [3][-]{subsubsection.121}{\376\377\0002\000.\0006\000.\0004\000.\0003\000\040\000N\000u\000i\000s\000a\000n\000c\000e\000\040\000a\000t\000t\000r\000i\000b\000u\000t\000e\000\040\000p\000r\000o\000j\000e\000c\000t\000i\000o\000n\000\040\000\050\000N\000A\000P\000\051}{subsection.110}% 42
\BOOKMARK [1][-]{section.125}{\376\377\0002\000.\0007\000\040\000F\000e\000e\000d\000f\000o\000r\000w\000a\000r\000d\000\040\000n\000e\000t\000w\000o\000r\000k\000\040\000b\000a\000s\000e\000d\000\040\000m\000o\000d\000e\000l}{chapter.27}% 43
\BOOKMARK [1][-]{section.128}{\376\377\0002\000.\0008\000\040\000B\000o\000t\000t\000l\000e\000n\000e\000c\000k\000\040\000f\000e\000a\000t\000u\000r\000e\000\040\000I\000-\000v\000e\000c\000t\000o\000r\000\040\000m\000o\000d\000e\000l}{chapter.27}% 44
\BOOKMARK [1][-]{section.131}{\376\377\0002\000.\0009\000\040\000X\000-\000v\000e\000c\000t\000o\000r\000\040\000b\000a\000s\000e\000d\000\040\000m\000o\000d\000e\000l\000i\000n\000g}{chapter.27}% 45
\BOOKMARK [0][-]{chapter.134}{\376\377\0003\000\040\000D\000e\000l\000i\000v\000e\000r\000e\000d\000\040\000S\000y\000s\000t\000e\000m\000\040\000D\000e\000s\000c\000r\000i\000p\000t\000i\000o\000n\000\040}{}% 46
\BOOKMARK [1][-]{section.135}{\376\377\0003\000.\0001\000\040\000D\000a\000t\000a\000b\000a\000s\000e\000\040\000D\000e\000s\000c\000r\000i\000p\000t\000i\000o\000n}{chapter.134}% 47
\BOOKMARK [1][-]{section.137}{\376\377\0003\000.\0002\000\040\000S\000y\000s\000t\000e\000m\000\040\000D\000e\000s\000c\000r\000i\000p\000t\000i\000o\000n}{chapter.134}% 48
\BOOKMARK [2][-]{subsection.138}{\376\377\0003\000.\0002\000.\0001\000\040\000G\000M\000M\000\040\000B\000a\000s\000e\000d\000\040\000S\000y\000s\000t\000e\000m}{section.137}% 49
\BOOKMARK [2][-]{subsection.140}{\376\377\0003\000.\0002\000.\0002\000\040\000G\000M\000M\000-\000U\000B\000M\000\040\000B\000a\000s\000e\000d\000\040\000S\000y\000s\000t\000e\000m}{section.137}% 50
\BOOKMARK [2][-]{subsection.142}{\376\377\0003\000.\0002\000.\0003\000\040\000I\000-\000v\000e\000c\000t\000o\000r\000\040\000b\000a\000s\000e\000d\000\040\000S\000y\000s\000t\000e\000m}{section.137}% 51
\BOOKMARK [2][-]{subsection.144}{\376\377\0003\000.\0002\000.\0004\000\040\000F\000e\000e\000d\000f\000o\000r\000w\000a\000r\000d\000\040\000N\000e\000t\000w\000o\000r\000k\000\040\000B\000a\000s\000e\000d\000\040\000S\000y\000s\000t\000e\000m}{section.137}% 52
\BOOKMARK [2][-]{subsection.146}{\376\377\0003\000.\0002\000.\0005\000\040\000X\000-\000v\000e\000c\000t\000o\000r\000\040\000B\000a\000s\000e\000d\000\040\000S\000y\000s\000t\000e\000m}{section.137}% 53
\BOOKMARK [1][-]{section.148}{\376\377\0003\000.\0003\000\040\000S\000u\000m\000m\000a\000r\000y\000\040\000a\000n\000d\000\040\000D\000i\000s\000c\000u\000s\000s\000i\000o\000n}{chapter.134}% 54
